1 1 13 0
1 1 14 1
1 1 15 2
1 1 16 3
1 1 17 4
1 1 18 5
1 1 19 6
1 1 20 7
1 1 21 8
1 1 22 9
1 1 23 10
1 1 24 11
1 1 25 12
1 1 26 0
1 1 26 13
1 1 27 14
1 1 28 15
1 1 29 3
1 1 29 16
1 1 30 17
1 1 31 5
1 1 31 18
1 1 32 19
1 1 32 6
1 1 33 7
1 1 33 20
1 1 34 21
1 1 35 22
1 1 36 10
1 1 36 23
1 1 37 24
1 1 37 11
1 1 38 12
1 1 39 0
1 1 39 26
1 1 39 13
1 1 40 27
1 1 41 28
1 1 41 15
1 1 41 2
1 1 42 3
1 1 43 30
1 1 44 5
1 1 44 31
1 1 44 18
1 1 45 19
1 1 45 6
1 1 46 7
1 1 46 33
1 1 46 20
1 1 47 34
1 1 47 21
1 1 47 8
1 1 48 35
1 1 48 22
1 1 48 9
1 1 49 10
1 1 49 36
1 1 50 24
1 1 50 37
1 1 51 38
1 1 51 12
1 1 51 25
1 1 52 0
1 1 52 26
1 1 52 13
1 1 52 39
1 1 53 40
1 1 53 27
1 1 53 14
1 1 54 28
1 1 54 15
1 1 54 41
1 1 54 2
1 1 55 42
1 1 55 3
1 1 55 16
1 1 56 43
1 1 56 30
1 1 56 17
1 1 57 5
1 1 58 19
1 1 58 45
1 1 58 6
1 1 58 32
1 1 59 7
1 1 59 33
1 1 60 34
1 1 60 21
1 1 61 35
1 1 61 22
1 1 61 9
1 1 61 48
1 1 62 10
1 1 62 49
1 1 62 36
1 1 62 23
1 1 63 24
1 1 64 38
1 1 64 12
1 1 64 25
1 1 64 51
1 1 65 0
1 1 65 26
1 1 65 13
1 1 66 40
1 1 66 27
1 1 66 53
1 1 67 28
1 1 67 15
1 1 67 41
1 1 4 52
1 1 18 1
1 1 58 54
1 1 46 29
1 1 47 52
1 1 47 4
1 1 61 18
1 1 61 1
1 1 23 58
1 1 23 54
1 1 11 29
1 1 11 46
1 1 64 52
1 1 64 4
1 1 39 18
1 1 14 58
1 1 14 54
1 1 14 23
1 1 2 29
1 1 2 46
1 1 16 52
1 1 17 39
1 1 17 18
1 1 17 61
1 1 44 58
1 1 32 29
1 1 32 2
1 1 32 46
1 1 20 16
1 1 20 52
1 1 20 64
1 1 20 4
1 1 8 39
1 1 8 18
1 1 48 44
1 1 48 58
1 1 48 54
1 1 48 23
1 1 62 29
1 1 62 2
1 1 62 32
1 1 62 46
1 1 37 16
1 1 37 52
1 1 37 64
1 1 37 20
1 1 37 4
1 1 51 39
1 1 51 8
1 1 51 18
1 1 13 44
1 1 53 29
1 1 53 2
1 1 53 32
1 1 53 62
1 1 53 46
1 1 41 16
1 1 41 52
1 1 41 64
1 1 55 39
1 1 56 13
1 1 56 44
1 1 56 58
1 1 56 54
1 1 31 29
1 1 31 2
1 1 6 16
1 1 6 52
1 1 33 55
1 1 33 39
1 1 21 13
1 1 21 44
1 1 9 29
1 1 9 31
1 1 36 16
1 1 36 6
1 1 36 52
1 1 36 41
1 1 36 64
1 1 50 55
1 1 50 33
1 1 50 39
1 1 50 8
1 1 50 51
1 1 50 18
1 1 50 17
1 1 25 13
1 1 25 21
1 1 65 29
1 1 66 16
1 1 66 6
1 1 66 52
1 1 67 55
1 1 67 33
1 1 67 39
1 1 67 8
1 1 3 13
1 1 30 65
1 1 30 29
1 1 30 9
1 1 30 31
1 1 30 2
1 1 30 32
1 1 30 62
1 1 5 16
1 1 45 55
1 1 45 33
1 1 45 39
1 1 45 67
1 1 59 3
1 1 59 13
1 1 60 65
1 1 22 5
1 1 49 55
1 1 49 33
1 1 24 3
1 1 24 59
1 1 24 13
1 1 12 60
1 1 12 65
1 1 26 22
1 1 26 5
1 1 26 16
1 1 27 55
1 1 27 49
1 1 27 33
1 1 27 39
1 1 27 45
1 1 27 67
1 1 27 8
1 1 15 3
1 1 15 59
1 1 15 24
1 1 42 60
1 1 43 22
1 1 57 55
1 1 19 3
1 1 19 59
1 1 7 42
1 1 7 60
1 1 34 43
1 1 35 57
1 1 10 3
1 1 10 19
1 1 63 42
1 1 63 7
1 1 63 60
1 1 63 12
1 1 38 34
1 1 38 43
1 1 0 35
1 1 0 57
1 1 0 55
1 1 0 49
1 1 40 3
1 1 40 10
1 1 40 19
1 1 40 59
1 1 28 42
1 1 28 7
1 1 28 60
1 1 28 63
1 1 1 47
1 1 14 47
1 1 14 1
1 1 11 47
1 1 11 14
1 1 11 1
1 1 4 47
1 1 61 4
1 1 61 47
1 1 61 14
1 1 61 1
1 1 23 4
1 1 23 47
1 1 23 14
1 1 46 4
1 1 46 47
1 1 46 23
1 1 46 14
1 1 46 61
1 1 46 1
1 1 37 4
1 1 17 37
1 1 48 17
1 1 53 48
1 1 53 17
1 1 53 37
1 1 53 4
1 1 53 47
1 1 53 23
1 1 53 14
1 1 20 48
1 1 20 17
1 1 50 48
1 1 50 20
1 1 54 48
1 1 62 54
1 1 62 48
1 1 62 50
1 1 62 20
1 1 62 17
1 1 62 37
1 1 64 54
1 1 18 64
1 1 18 54
1 1 18 48
1 1 18 50
1 1 56 64
1 1 56 54
1 1 30 64
1 1 30 56
1 1 36 64
1 1 51 36
1 1 58 51
1 1 58 36
1 1 58 64
1 1 58 30
1 1 58 56
1 1 32 51
1 1 32 36
1 1 41 51
1 1 41 32
1 1 8 51
1 1 44 8
1 1 2 44
1 1 2 8
1 1 2 51
1 1 2 41
1 1 2 32
1 1 52 44
1 1 52 8
1 1 52 51
1 1 52 41
1 1 27 44
1 1 21 27
1 1 31 21
1 1 66 31
1 1 66 21
1 1 66 27
1 1 66 44
1 1 66 8
1 1 66 51
1 1 66 52
1 1 67 31
1 1 67 21
1 1 25 31
1 1 25 67
1 1 25 21
1 1 9 31
1 1 6 9
1 1 6 31
1 1 6 67
1 1 45 9
1 1 45 31
1 1 45 6
1 1 13 9
1 1 13 31
1 1 13 45
1 1 29 9
1 1 16 29
1 1 39 16
1 1 39 29
1 1 39 9
1 1 39 31
1 1 39 13
1 1 39 45
1 1 24 16
1 1 24 29
1 1 65 16
1 1 65 24
1 1 65 29
1 1 26 16
1 1 33 26
1 1 33 16
1 1 33 24
1 1 33 65
1 1 15 26
1 1 15 16
1 1 12 26
1 1 12 15
1 1 5 26
1 1 49 5
1 1 49 26
1 1 49 12
1 1 49 15
1 1 59 5
1 1 59 26
1 1 59 12
1 1 59 49
1 1 63 5
1 1 63 26
1 1 22 5
1 1 0 22
1 1 0 5
1 1 0 63
1 1 40 22
1 1 40 5
1 1 40 0
1 1 40 63
1 1 28 22
1 1 28 5
1 1 28 0
1 1 43 22
1 1 55 43
1 1 19 55
1 1 19 43
1 1 60 55
1 1 60 19
1 1 60 43
1 1 38 55
1 1 38 19
1 1 38 60
1 1 38 43
1 1 57 55
1 1 10 57
1 1 7 10
1 1 34 7
1 1 34 10
1 1 34 57
1 1 34 55
1 1 34 19
1 1 34 60
1 1 35 7
1 1 3 35
1 1 3 7
1 1 42 35
1 1 42 3
8 7 10 5 15 39 51 58 37 11 35 63 26 25 21 18 50
8 7 57 22 16 13 66 30 4 1 42 40 12 67 27 48 20
8 7 55 43 24 31 52 64 47 46 3 0 59 6 44 54 17
8 7 19 38 33 9 41 36 23 61 7 28 49 45 8 56 62
8 7 34 60 65 29 2 32 53 14 35 63 26 25 21 18 50
8 8 34 60 65 29 2 32 53 14 10 5 15 39 51 58 37 11
8 8 57 22 16 13 66 30 4 1 10 5 15 39 51 58 37 11
8 8 55 43 24 31 52 64 47 46 57 22 16 13 66 30 4 1
8 8 55 43 24 31 52 64 47 46 10 5 15 39 51 58 37 11
8 8 19 38 33 9 41 36 23 61 57 22 16 13 66 30 4 1
8 8 34 60 65 29 2 32 53 14 19 38 33 9 41 36 23 61
8 8 34 60 65 29 2 32 53 14 57 22 16 13 66 30 4 1
8 8 34 60 65 29 2 32 53 14 55 43 24 31 52 64 47 46
7 8 42 40 12 67 27 48 20 19 38 33 9 41 36 23 61
7 7 3 0 59 6 44 54 17 42 40 12 67 27 48 20
7 8 3 0 59 6 44 54 17 19 38 33 9 41 36 23 61
7 7 7 28 49 45 8 56 62 42 40 12 67 27 48 20
7 7 7 28 49 45 8 56 62 3 0 59 6 44 54 17
7 7 35 63 26 25 21 18 50 42 40 12 67 27 48 20
8 7 55 43 24 31 52 64 47 46 7 28 49 45 8 56 62
9 6 55 43 24 31 52 64 47 46 62 7 28 49 45 8 56
8 7 55 43 24 31 52 64 47 62 7 28 49 45 8 56 46
8 7 55 43 24 31 52 64 46 62 7 28 49 45 8 56 47
7 6 55 43 24 31 52 64 47 7 28 49 45 8 56
#c 5 3 2 5 3 0 5 1 1 4 0 0 7 3 2 0 3 5 8 4 7 8 3 4 6 8 8 7 1 2 3 6 2 4 2 8 4 0 4 0 7 4 7 6 5 1 1 6 7 1 8 0 6 2 5 6 1 3 0 5 2 4 6 8 6 2 3 7
8 7 57 22 16 13 66 30 4 1 42 40 12 67 27 48 20
9 6 57 22 16 13 66 30 4 1 20 42 40 12 67 27 48
9 6 57 22 16 13 66 30 4 1 48 42 40 12 67 27 20
9 6 57 22 16 13 66 30 4 1 27 42 40 12 67 48 20
9 6 57 22 16 13 66 30 4 1 67 42 40 12 27 48 20
9 6 57 22 16 13 66 30 4 1 12 42 40 67 27 48 20
#c 5 3 2 5 3 0 5 1 1 4 0 0 7 3 2 0 3 5 8 4 7 8 3 4 6 8 8 7 1 2 3 6 2 4 2 8 4 0 4 0 7 4 7 6 5 1 1 6 7 1 8 0 6 2 5 6 1 3 0 5 2 4 6 8 6 2 3 3
8 7 34 60 65 29 2 32 53 14 3 0 59 6 44 54 17
9 6 34 60 65 29 2 32 53 14 17 3 0 59 6 44 54
8 7 34 60 65 29 2 32 53 17 3 0 59 6 44 54 14
8 7 34 60 65 29 2 32 14 17 3 0 59 6 44 54 53
7 6 34 60 65 29 2 32 53 3 0 59 6 44 54
#c 2 3 5 2 3 0 2 1 1 4 0 0 7 3 2 0 3 5 8 4 7 8 3 4 6 8 8 7 1 5 3 6 5 4 5 8 4 0 4 0 7 4 7 6 2 1 1 6 7 1 8 0 6 5 2 6 1 3 0 2 5 4 6 8 6 5 3 3
8 6 19 38 33 9 41 36 23 61 42 40 12 27 48 20
9 5 19 38 33 9 41 36 23 61 20 42 40 12 27 48
9 5 19 38 33 9 41 36 23 61 48 42 40 12 27 20
9 5 19 38 33 9 41 36 23 61 27 42 40 12 48 20
9 5 19 38 33 9 41 36 23 61 12 42 40 27 48 20
#c 2 3 5 2 3 0 2 1 1 4 0 0 7 3 2 0 3 5 8 4 7 8 3 4 6 8 8 4 1 5 3 6 5 4 5 8 4 0 4 0 7 4 7 6 2 1 1 6 7 1 8 0 6 5 2 6 1 3 0 2 5 4 6 8 6 5 3 3
7 8 3 0 59 6 44 54 14 55 43 24 31 52 64 62 47
8 7 3 0 59 6 44 54 14 47 55 43 24 31 52 64 62
7 8 3 0 59 6 44 54 47 55 43 24 31 52 64 62 14
7 8 3 0 59 6 44 14 47 55 43 24 31 52 64 62 54
6 7 3 0 59 6 44 54 55 43 24 31 52 64 62
#c 6 3 5 6 3 0 6 1 1 4 0 0 7 3 2 0 3 5 8 4 7 8 3 4 2 8 8 4 1 5 3 2 5 4 5 8 4 0 4 0 7 4 7 2 6 1 1 6 7 1 8 0 2 5 6 2 1 3 0 6 5 4 2 8 2 5 3 3
9 8 57 22 16 13 67 66 30 4 1 34 60 65 29 2 32 17 53
8 9 57 22 16 13 67 66 30 4 34 60 65 29 2 32 17 53 1
8 9 57 22 16 13 67 66 30 1 34 60 65 29 2 32 17 53 4
8 9 57 22 16 13 67 66 4 1 34 60 65 29 2 32 17 53 30
8 9 57 22 16 13 67 30 4 1 34 60 65 29 2 32 17 53 66
#c 6 3 5 6 3 0 6 1 1 4 0 0 7 3 2 0 3 5 8 4 7 8 3 4 2 8 8 4 1 5 5 2 5 4 5 8 4 0 4 0 7 4 7 2 6 1 1 6 7 1 8 0 2 5 6 2 1 3 0 6 5 4 2 8 2 5 3 3
9 9 19 38 33 9 27 41 36 23 61 34 60 65 29 2 32 30 17 53
8 10 19 38 33 9 27 41 36 23 34 60 65 29 2 32 30 17 53 61
8 10 19 38 33 9 27 41 36 61 34 60 65 29 2 32 30 17 53 23
8 10 19 38 33 9 27 41 23 61 34 60 65 29 2 32 30 17 53 36
#c 6 3 5 6 3 0 6 1 1 4 0 0 7 3 2 0 3 5 8 4 7 8 3 5 2 8 8 4 1 5 5 2 5 4 5 8 4 0 4 0 7 4 7 2 6 1 1 6 7 1 8 0 2 5 6 2 1 3 0 6 5 4 2 8 2 5 3 3
7 7 7 28 49 45 8 56 46 3 0 59 6 44 54 47
8 6 7 28 49 45 8 56 46 47 3 0 59 6 44 54
7 7 7 28 49 45 8 56 47 3 0 59 6 44 54 46
7 7 7 28 49 45 8 46 47 3 0 59 6 44 54 56
6 6 7 28 49 45 8 56 3 0 59 6 44 54
#c 6 3 5 6 3 0 6 1 1 4 0 0 7 3 2 0 3 5 8 4 7 8 3 5 2 8 8 4 1 5 5 2 5 4 5 8 4 0 4 0 7 4 7 2 6 1 1 6 7 1 8 0 2 5 6 2 1 3 0 6 5 4 2 8 2 5 3 3
8 8 55 43 24 31 52 64 62 14 19 38 33 9 27 41 36 61
9 7 55 43 24 31 52 64 62 14 61 19 38 33 9 27 41 36
9 7 55 43 24 31 52 64 62 14 36 19 38 33 9 27 41 61
#c 6 3 5 6 3 0 6 1 1 4 0 0 7 3 2 0 3 5 8 4 7 8 3 5 2 8 8 4 1 5 5 2 5 4 5 8 4 0 4 0 7 4 7 2 6 1 1 6 7 1 8 0 2 5 6 2 1 3 0 6 5 2 2 8 2 5 3 3
8 10 10 5 15 39 51 58 37 11 34 60 65 29 2 32 30 17 23 53
9 9 10 5 15 39 51 58 37 11 53 34 60 65 29 2 32 30 17 23
9 9 10 5 15 39 51 58 37 11 23 34 60 65 29 2 32 30 17 53
9 9 10 5 15 39 51 58 37 11 17 34 60 65 29 2 32 30 23 53
9 9 10 5 15 39 51 58 37 11 30 34 60 65 29 2 32 17 23 53
9 9 10 5 15 39 51 58 37 11 32 34 60 65 29 2 30 17 23 53
#c 6 3 5 6 3 0 6 1 1 4 0 0 7 3 2 0 3 5 8 4 7 8 3 5 2 8 8 4 1 5 0 2 5 4 5 8 4 0 4 0 7 4 7 2 6 1 1 6 7 1 8 0 2 5 6 2 1 3 0 6 5 2 2 8 2 5 3 3
9 9 10 5 15 39 51 30 58 37 11 34 60 65 29 2 32 17 23 53
10 8 10 5 15 39 51 30 58 37 11 53 34 60 65 29 2 32 17 23
9 9 10 5 15 39 51 30 58 37 53 34 60 65 29 2 32 17 23 11
9 9 10 5 15 39 51 30 58 11 53 34 60 65 29 2 32 17 23 37
8 8 10 5 15 39 51 30 58 37 34 60 65 29 2 32 17 23
#c 6 3 5 6 3 0 6 1 1 4 0 0 7 3 2 0 3 5 8 4 7 8 3 5 2 8 8 4 1 5 0 2 5 4 5 8 4 0 4 0 7 4 7 2 6 1 1 6 7 1 8 0 2 5 6 2 1 3 0 6 5 2 2 8 2 5 3 3
7 9 19 38 33 9 27 41 36 34 60 65 29 2 32 17 23 53
6 10 19 38 33 9 27 41 34 60 65 29 2 32 17 23 53 36
7 9 19 38 33 9 27 41 53 34 60 65 29 2 32 17 23 36
7 9 19 38 33 9 27 41 23 34 60 65 29 2 32 17 53 36
7 9 19 38 33 9 27 41 17 34 60 65 29 2 32 23 53 36
7 9 19 38 33 9 27 41 32 34 60 65 29 2 17 23 53 36
6 8 19 38 33 9 27 41 34 60 65 29 2 32 23 53
#c 6 3 4 6 3 0 6 1 1 5 0 0 7 3 2 0 3 5 8 5 7 8 3 4 2 8 8 5 1 4 0 2 4 5 4 8 4 0 5 0 7 5 7 2 6 1 1 6 7 1 8 0 2 4 6 2 1 3 0 6 4 2 2 8 2 4 3 3
7 9 7 28 49 45 8 56 46 34 60 65 29 2 32 36 23 53
8 8 7 28 49 45 8 56 46 53 34 60 65 29 2 32 36 23
7 9 7 28 49 45 8 56 53 34 60 65 29 2 32 36 23 46
#c 6 3 4 6 3 0 6 1 1 5 0 0 7 3 2 0 3 5 8 5 7 8 3 4 2 8 8 5 1 4 0 2 4 5 4 8 4 0 5 0 7 5 7 2 6 1 1 6 7 1 8 0 2 4 6 2 1 3 0 6 4 2 2 8 2 4 3 3
9 9 55 43 24 31 52 64 62 14 61 34 60 65 29 2 32 36 23 53
10 8 55 43 24 31 52 64 62 14 61 53 34 60 65 29 2 32 36 23
9 9 55 43 24 31 52 64 62 14 53 34 60 65 29 2 32 36 23 61
#c 6 3 4 6 3 0 6 1 1 5 0 0 7 3 2 0 3 5 8 5 7 8 3 4 2 8 8 5 1 4 0 2 4 5 4 8 4 0 5 0 7 5 7 2 6 1 1 6 7 1 8 0 2 4 6 2 1 3 0 6 4 2 2 8 2 4 3 3
7 9 7 28 49 45 8 56 46 34 60 65 29 2 32 36 23 53
8 8 7 28 49 45 8 56 46 53 34 60 65 29 2 32 36 23
7 9 7 28 49 45 8 56 53 34 60 65 29 2 32 36 23 46
#c 6 3 4 6 3 0 6 1 1 5 0 0 7 3 2 0 3 5 8 5 7 8 3 4 2 8 8 5 1 4 0 2 4 5 4 8 4 0 5 0 7 5 7 2 6 1 1 6 7 1 8 0 2 4 6 2 1 3 0 6 4 2 2 8 2 4 3 3
9 9 10 5 15 39 51 30 58 37 11 34 60 65 29 2 32 36 23 53
10 8 10 5 15 39 51 30 58 37 11 53 34 60 65 29 2 32 36 23
9 9 10 5 15 39 51 30 58 37 53 34 60 65 29 2 32 36 23 11
9 9 10 5 15 39 51 30 58 11 53 34 60 65 29 2 32 36 23 37
8 8 10 5 15 39 51 30 58 37 34 60 65 29 2 32 36 23
#c 6 3 0 6 3 4 6 1 1 5 4 0 7 3 2 4 3 5 8 5 7 8 3 0 2 8 8 5 1 0 4 2 0 5 0 8 0 4 5 4 7 5 7 2 6 1 1 6 7 1 8 4 2 4 6 2 1 3 4 6 0 2 2 8 2 0 3 3
7 9 7 28 49 45 8 56 46 10 5 15 39 51 30 58 37 53
8 8 7 28 49 45 8 56 46 53 10 5 15 39 51 30 58 37
7 9 7 28 49 45 8 56 53 10 5 15 39 51 30 58 37 46
#c 6 3 0 6 3 4 6 1 1 5 4 0 7 3 2 4 3 5 8 5 7 8 3 0 2 8 8 5 1 0 4 2 0 5 0 8 0 4 5 4 7 5 7 2 6 1 1 6 7 1 8 4 2 4 6 2 1 3 4 6 0 2 2 8 2 0 3 3
9 7 34 60 65 29 2 32 36 23 11 3 0 59 6 44 54 47
8 8 34 60 65 29 2 32 36 23 3 0 59 6 44 54 47 11
8 8 34 60 65 29 2 32 36 11 3 0 59 6 44 54 47 23
#c 6 3 0 6 3 4 6 1 1 5 4 6 7 3 2 4 3 5 8 5 7 8 3 0 2 8 8 5 1 0 4 2 0 5 0 8 0 4 5 4 7 5 7 2 6 1 1 6 7 1 8 4 2 4 6 2 1 3 4 6 0 2 2 8 2 0 3 3
7 5 7 28 49 45 8 56 46 42 40 12 48 20
8 4 7 28 49 45 8 56 46 20 42 40 12 48
8 4 7 28 49 45 8 56 46 48 42 40 12 20
8 4 7 28 49 45 8 56 46 12 42 40 48 20
#c 6 3 0 6 3 4 6 1 1 5 4 6 7 3 2 4 3 5 8 5 7 8 3 0 2 8 8 5 1 0 4 2 0 5 0 8 0 4 5 4 7 5 7 2 6 1 1 6 1 1 8 4 2 4 6 2 1 3 4 6 0 2 2 8 2 0 3 3
9 8 55 43 24 31 52 64 62 14 61 3 0 59 6 44 54 47 11
8 9 55 43 24 31 52 64 62 14 3 0 59 6 44 54 47 11 61
9 8 55 43 24 31 52 64 62 14 11 3 0 59 6 44 54 47 61
9 8 55 43 24 31 52 64 62 14 47 3 0 59 6 44 54 11 61
8 7 55 43 24 31 52 64 62 14 3 0 59 6 44 54 47
#c 6 3 0 6 3 4 6 1 1 5 4 6 7 3 2 4 3 5 8 5 7 8 3 0 2 8 8 5 1 0 4 2 0 5 0 8 0 4 5 4 7 5 7 2 6 1 1 6 1 1 8 4 2 4 6 2 1 3 4 6 0 2 2 8 2 0 3 3
9 7 10 5 15 39 51 30 58 37 53 19 38 33 9 27 41 17
10 6 10 5 15 39 51 30 58 37 53 17 19 38 33 9 27 41
9 7 10 5 15 39 51 30 58 37 17 19 38 33 9 27 41 53
9 7 10 5 15 39 51 30 58 53 17 19 38 33 9 27 41 37
9 7 10 5 15 39 51 30 37 53 17 19 38 33 9 27 41 58
8 6 10 5 15 39 51 30 58 53 19 38 33 9 27 41
#c 6 3 0 6 3 5 6 1 1 4 5 6 7 3 2 5 3 5 8 4 7 8 3 0 2 8 8 4 1 0 5 2 0 4 0 8 0 4 4 5 7 4 7 2 6 1 1 6 1 1 8 5 2 5 6 2 1 3 5 6 0 2 2 8 2 0 3 3
8 8 7 28 49 45 8 56 48 46 3 0 59 6 44 54 47 11
7 9 7 28 49 45 8 56 48 3 0 59 6 44 54 47 11 46
7 9 7 28 49 45 8 56 46 3 0 59 6 44 54 47 11 48
#c 6 3 0 6 3 5 6 1 1 4 5 6 7 3 2 5 3 5 8 4 7 8 3 0 2 8 8 4 1 0 5 2 0 4 0 8 0 4 4 5 7 4 7 2 6 1 6 6 1 1 8 5 2 5 6 2 1 3 5 6 0 2 2 8 2 0 3 3
9 9 55 43 24 31 52 64 62 14 61 3 0 59 6 44 54 47 46 11
10 8 55 43 24 31 52 64 62 14 61 11 3 0 59 6 44 54 47 46
9 9 55 43 24 31 52 64 62 14 11 3 0 59 6 44 54 47 46 61
#c 6 3 0 6 3 5 6 1 1 4 5 6 7 3 2 5 3 5 8 4 7 8 3 0 2 8 8 4 1 0 5 2 0 4 0 8 0 4 4 5 7 4 7 2 6 1 6 6 1 1 8 5 2 5 6 2 1 3 5 6 0 2 2 8 2 0 3 3
9 7 55 43 24 31 52 64 62 14 61 35 63 26 25 21 18 50
10 6 55 43 24 31 52 64 62 14 61 50 35 63 26 25 21 18
10 6 55 43 24 31 52 64 62 14 61 18 35 63 26 25 21 50
10 6 55 43 24 31 52 64 62 14 61 21 35 63 26 25 18 50
10 6 55 43 24 31 52 64 62 14 61 25 35 63 26 21 18 50
10 6 55 43 24 31 52 64 62 14 61 26 35 63 25 21 18 50
#c 6 3 0 6 3 5 6 1 1 4 5 6 7 3 2 5 3 5 8 4 7 8 3 0 2 2 8 4 1 0 5 2 0 4 0 8 0 4 4 5 7 4 7 2 6 1 6 6 1 1 8 5 2 5 6 2 1 3 5 6 0 2 2 8 2 0 3 3
7 6 7 28 49 45 8 56 48 35 63 26 21 18 50
8 5 7 28 49 45 8 56 48 50 35 63 26 21 18
8 5 7 28 49 45 8 56 48 18 35 63 26 21 50
8 5 7 28 49 45 8 56 48 21 35 63 26 18 50
8 5 7 28 49 45 8 56 48 26 35 63 21 18 50
#c 6 3 0 6 3 5 6 1 1 4 5 6 7 3 2 5 3 5 8 4 7 1 3 0 2 2 8 4 1 0 5 2 0 4 0 8 0 4 4 5 7 4 7 2 6 1 6 6 1 1 8 5 2 5 6 2 1 3 5 6 0 2 2 8 2 0 3 3
8 5 7 28 49 45 21 8 56 48 35 63 26 18 50
9 4 7 28 49 45 21 8 56 48 50 35 63 26 18
8 5 7 28 49 45 21 8 56 50 35 63 26 18 48
#c 6 3 0 6 3 5 6 1 1 4 5 6 7 3 2 5 3 5 8 4 7 1 3 0 2 2 8 4 1 0 5 2 0 4 0 8 0 4 4 5 7 4 7 2 6 1 6 6 1 1 8 5 2 5 6 2 1 3 5 6 0 2 2 8 2 0 3 3
8 7 34 60 65 29 2 32 36 23 19 38 33 9 27 41 37
9 6 34 60 65 29 2 32 36 23 37 19 38 33 9 27 41
8 7 34 60 65 29 2 32 36 37 19 38 33 9 27 41 23
#c 6 3 0 6 3 5 6 1 1 4 5 6 7 3 2 5 3 5 8 4 7 1 3 0 2 2 8 4 1 0 5 2 0 4 0 8 0 4 4 5 7 4 7 2 6 1 6 6 1 1 8 5 2 5 6 2 1 3 5 6 0 2 2 8 2 0 3 3
8 5 34 60 65 29 2 32 36 23 35 63 26 18 50
9 4 34 60 65 29 2 32 36 23 50 35 63 26 18
9 4 34 60 65 29 2 32 36 23 18 35 63 26 50
9 4 34 60 65 29 2 32 36 23 26 35 63 18 50
#c 6 3 0 6 3 5 6 1 1 4 5 6 7 3 2 5 3 5 0 4 7 1 3 0 2 2 8 4 1 0 5 2 0 4 0 8 0 4 4 5 7 4 7 2 6 1 6 6 1 1 8 5 2 5 6 2 1 3 5 6 0 2 2 8 2 0 3 3
9 9 34 60 65 29 2 32 36 18 23 3 0 59 6 44 54 47 46 11
8 10 34 60 65 29 2 32 36 18 3 0 59 6 44 54 47 46 11 23
9 9 34 60 65 29 2 32 36 18 11 3 0 59 6 44 54 47 46 23
#c 6 3 0 6 3 5 6 1 1 4 5 6 7 3 2 5 3 5 0 4 7 1 3 0 2 2 8 4 1 0 5 2 0 4 0 8 0 4 4 5 7 4 7 2 6 1 6 6 1 1 8 5 2 5 6 2 1 3 5 6 0 2 2 8 2 0 3 3
8 7 7 28 49 45 21 8 56 48 19 38 33 9 27 41 37
7 8 7 28 49 45 21 8 56 19 38 33 9 27 41 37 48
7 8 7 28 49 45 21 8 48 19 38 33 9 27 41 37 56
7 8 7 28 49 45 21 56 48 19 38 33 9 27 41 37 8
#c 6 3 0 6 3 5 6 1 1 4 5 6 7 3 2 5 3 5 0 4 7 1 3 0 2 2 8 4 1 0 5 2 0 4 0 8 0 4 4 5 7 4 7 2 6 1 6 6 1 1 8 5 2 5 6 2 4 3 5 6 0 2 2 8 2 0 3 3
7 4 7 28 49 45 21 8 48 42 40 12 20
6 5 7 28 49 45 21 8 42 40 12 20 48
7 4 7 28 49 45 21 8 20 42 40 12 48
7 4 7 28 49 45 21 8 12 42 40 20 48
6 3 7 28 49 45 21 8 42 40 12
#c 6 3 0 6 3 5 6 1 1 4 5 6 7 3 2 5 3 5 0 4 7 1 3 0 2 2 8 4 1 0 5 2 0 4 0 8 0 4 4 5 7 4 7 2 6 1 6 6 1 1 8 5 2 5 6 2 4 3 5 6 0 2 2 8 2 0 3 3
7 9 7 28 49 45 21 8 48 3 0 59 6 44 54 47 46 11
6 10 7 28 49 45 21 8 3 0 59 6 44 54 47 46 11 48
7 9 7 28 49 45 21 8 11 3 0 59 6 44 54 47 46 48
#c 6 3 0 6 3 5 6 1 1 4 5 6 7 3 2 5 3 5 0 4 7 1 3 0 2 2 8 4 1 0 5 2 0 4 0 8 0 4 4 5 7 4 7 2 6 1 6 6 1 1 8 5 2 5 6 2 4 3 5 6 0 2 2 8 2 0 3 3
8 4 57 22 16 13 67 66 4 1 35 63 26 50
9 3 57 22 16 13 67 66 4 1 50 35 63 26
9 3 57 22 16 13 67 66 4 1 26 35 63 50
#c 6 3 0 6 3 5 6 1 1 4 5 6 7 3 2 5 3 5 0 4 7 1 3 0 2 2 8 4 1 0 5 2 0 4 0 8 0 4 4 5 7 4 7 2 6 1 6 6 1 1 3 5 2 5 6 2 4 3 5 6 0 2 2 8 2 0 3 3
7 3 7 28 49 45 21 8 48 35 63 26
8 2 7 28 49 45 21 8 48 26 35 63
7 3 7 28 49 45 21 8 26 35 63 48
7 3 7 28 49 45 21 48 26 35 63 8
7 3 7 28 49 45 8 48 26 35 63 21
7 3 7 28 49 21 8 48 26 35 63 45
7 3 7 28 45 21 8 48 26 35 63 49
7 3 7 49 45 21 8 48 26 35 63 28
6 2 7 28 45 21 8 48 35 63
#c 6 3 0 6 3 5 6 1 1 4 5 6 7 3 2 5 3 5 0 4 7 1 3 0 2 2 8 4 1 0 5 2 0 4 0 8 0 4 4 5 7 4 7 2 6 1 6 6 1 1 3 5 2 5 6 2 4 3 5 6 0 2 2 8 2 0 3 3
9 3 34 60 65 29 2 32 36 18 23 35 63 26
10 2 34 60 65 29 2 32 36 18 23 26 35 63
9 3 34 60 65 29 2 32 36 18 26 35 63 23
9 3 34 60 65 29 2 32 36 23 26 35 63 18
9 3 34 60 65 29 2 32 18 23 26 35 63 36
9 3 34 60 65 29 2 36 18 23 26 35 63 32
9 3 34 60 65 29 32 36 18 23 26 35 63 2
9 3 34 60 65 2 32 36 18 23 26 35 63 29
9 3 34 60 29 2 32 36 18 23 26 35 63 65
9 3 34 65 29 2 32 36 18 23 26 35 63 60
8 2 34 60 29 2 32 36 18 23 35 63
#c 6 3 0 6 3 5 6 1 1 4 5 6 7 3 2 5 3 5 0 4 7 1 3 0 2 2 8 4 1 0 5 2 0 4 0 8 0 4 4 5 7 4 7 2 6 1 6 6 1 1 3 5 2 5 6 2 4 3 5 6 0 2 2 8 2 0 3 3
10 8 55 43 24 31 25 52 64 62 14 61 19 38 33 9 27 41 56 37
9 9 55 43 24 31 25 52 64 62 14 19 38 33 9 27 41 56 37 61
9 9 55 43 24 31 25 52 64 62 61 19 38 33 9 27 41 56 37 14
9 9 55 43 24 31 25 52 64 14 61 19 38 33 9 27 41 56 37 62
#c 6 3 0 6 3 5 6 1 1 4 5 6 7 3 4 5 3 5 0 4 7 1 3 0 2 2 8 4 1 0 5 2 0 4 0 8 0 4 4 5 7 4 7 2 6 1 6 6 1 1 3 5 2 5 6 2 4 3 5 6 0 2 2 8 2 0 3 3
9 4 19 38 33 9 27 41 56 37 14 42 40 12 20
8 5 19 38 33 9 27 41 56 37 42 40 12 20 14
9 4 19 38 33 9 27 41 56 37 20 42 40 12 14
#c 6 3 0 6 3 5 6 1 1 4 5 6 7 3 4 5 3 5 0 4 7 1 3 0 2 2 8 4 1 0 5 2 0 4 0 8 0 4 4 5 7 4 7 2 6 1 6 6 1 1 3 5 2 5 6 2 4 3 5 6 0 2 2 8 2 0 3 3
9 9 34 60 65 29 2 32 36 18 23 19 38 33 9 27 41 56 37 14
10 8 34 60 65 29 2 32 36 18 23 14 19 38 33 9 27 41 56 37
9 9 34 60 65 29 2 32 36 18 14 19 38 33 9 27 41 56 37 23
#c 6 3 0 6 3 5 6 1 1 4 5 6 7 3 4 5 3 5 0 4 7 1 3 0 2 2 8 4 1 0 5 2 0 4 0 8 0 4 4 5 7 4 7 2 6 1 6 6 1 1 3 5 2 5 6 2 4 3 5 6 0 2 2 8 2 0 3 3
9 4 34 60 65 29 2 32 36 18 23 42 40 12 20
10 3 34 60 65 29 2 32 36 18 23 20 42 40 12
9 4 34 60 65 29 2 32 36 18 20 42 40 12 23
#c 6 3 0 6 3 5 6 1 1 4 5 6 7 3 4 5 3 5 0 4 7 1 3 0 2 2 8 4 1 0 5 2 0 4 0 8 0 4 4 5 7 4 7 2 6 1 6 6 1 1 3 5 2 5 6 2 4 3 5 6 0 2 2 8 2 0 3 3
9 4 19 38 33 9 27 41 56 37 14 42 40 12 20
8 5 19 38 33 9 27 41 56 37 42 40 12 20 14
9 4 19 38 33 9 27 41 56 37 20 42 40 12 14
#c 6 3 0 6 3 5 6 1 1 4 5 6 7 3 4 5 3 5 0 4 7 1 3 0 2 2 8 4 1 0 5 2 0 4 0 8 0 4 4 5 7 4 7 2 6 1 6 6 1 1 3 5 2 5 6 2 4 3 5 6 0 2 2 8 2 0 3 3
9 9 34 60 65 29 2 32 36 18 23 3 0 59 6 44 54 47 46 11
8 10 34 60 65 29 2 32 36 18 3 0 59 6 44 54 47 46 11 23
9 9 34 60 65 29 2 32 36 18 11 3 0 59 6 44 54 47 46 23
#c 6 3 0 6 3 5 6 1 1 4 5 6 7 3 4 5 3 5 0 4 7 1 3 0 2 2 8 4 1 0 5 2 0 4 0 8 0 4 4 5 7 4 7 2 6 1 6 6 1 1 3 5 2 5 6 2 4 3 5 6 0 2 2 8 2 0 3 3
9 9 57 22 16 13 67 66 50 4 1 10 5 15 39 51 30 58 17 53
8 10 57 22 16 13 67 66 50 4 10 5 15 39 51 30 58 17 53 1
8 10 57 22 16 13 67 66 50 1 10 5 15 39 51 30 58 17 53 4
8 10 57 22 16 13 67 66 4 1 10 5 15 39 51 30 58 17 53 50
#c 6 3 0 6 5 5 6 1 1 4 5 6 7 3 4 5 3 5 0 4 7 1 3 0 2 2 8 4 1 0 5 2 0 4 0 8 0 4 4 5 7 4 7 2 6 1 6 6 1 1 3 5 2 5 6 2 4 3 5 6 0 2 2 8 2 0 3 3
9 10 55 43 24 31 25 52 64 62 61 10 5 15 39 51 30 58 17 4 53
8 11 55 43 24 31 25 52 64 62 10 5 15 39 51 30 58 17 4 53 61
8 11 55 43 24 31 25 52 64 61 10 5 15 39 51 30 58 17 4 53 62
#c 6 3 0 6 5 5 6 1 1 4 5 6 7 3 4 5 3 5 0 4 7 1 3 0 2 2 8 4 1 0 5 2 0 4 0 8 0 4 4 5 7 4 7 2 6 1 6 6 1 1 3 5 2 5 6 2 4 3 5 6 0 5 2 8 2 0 3 3
8 9 57 22 16 13 67 66 50 1 3 0 59 6 44 54 47 46 11
7 10 57 22 16 13 67 66 50 3 0 59 6 44 54 47 46 11 1
7 10 57 22 16 13 67 66 1 3 0 59 6 44 54 47 46 11 50
#c 6 6 0 6 5 5 6 1 1 4 5 6 7 3 4 5 3 5 0 4 7 1 3 0 2 2 8 4 1 0 5 2 0 4 0 8 0 4 4 5 7 4 7 2 6 1 6 6 1 1 3 5 2 5 6 2 4 3 5 6 0 5 2 8 2 0 3 3
8 9 55 43 24 31 25 52 64 62 19 38 33 9 27 41 56 37 14
9 8 55 43 24 31 25 52 64 62 14 19 38 33 9 27 41 56 37
8 9 55 43 24 31 25 52 64 14 19 38 33 9 27 41 56 37 62
#c 6 6 0 6 5 5 6 1 1 4 5 6 7 3 4 5 3 5 0 4 7 1 3 0 2 2 8 4 1 0 5 2 0 4 0 8 0 4 4 5 7 4 7 2 6 1 6 6 1 1 3 5 2 5 6 2 4 3 5 6 0 5 2 8 2 0 3 3
7 9 57 22 16 13 67 66 50 19 38 33 9 27 41 56 37 14
8 8 57 22 16 13 67 66 50 14 19 38 33 9 27 41 56 37
7 9 57 22 16 13 67 66 14 19 38 33 9 27 41 56 37 50
#c 6 6 0 6 5 5 6 1 1 4 5 6 7 3 4 5 3 5 0 4 7 1 3 0 2 2 8 4 1 0 5 2 0 4 0 8 0 4 4 5 7 4 7 2 6 1 6 6 1 1 3 5 2 5 6 2 4 3 5 6 0 5 2 8 2 0 3 3
7 11 7 28 49 45 21 8 48 10 5 15 39 51 30 58 17 4 53 61
6 12 7 28 49 45 21 8 10 5 15 39 51 30 58 17 4 53 61 48
7 11 7 28 49 45 21 8 61 10 5 15 39 51 30 58 17 4 53 48
7 11 7 28 49 45 21 8 53 10 5 15 39 51 30 58 17 4 61 48
7 11 7 28 49 45 21 8 4 10 5 15 39 51 30 58 17 53 61 48
7 11 7 28 49 45 21 8 17 10 5 15 39 51 30 58 4 53 61 48
7 11 7 28 49 45 21 8 58 10 5 15 39 51 30 17 4 53 61 48
6 10 7 28 49 45 21 8 10 5 15 39 51 30 58 4 53 61
#c 6 6 0 6 1 1 6 5 5 4 1 6 7 3 4 1 3 5 0 4 7 5 3 0 2 2 8 4 5 0 1 2 0 4 0 8 0 4 4 1 7 4 7 2 6 5 6 6 1 5 3 1 2 1 6 2 4 3 1 6 0 1 2 8 2 0 3 3
7 10 57 22 16 13 67 66 50 3 0 59 6 44 54 47 46 1 11
6 11 57 22 16 13 67 66 3 0 59 6 44 54 47 46 1 11 50
7 10 57 22 16 13 67 66 11 3 0 59 6 44 54 47 46 1 50
7 10 57 22 16 13 67 66 1 3 0 59 6 44 54 47 46 11 50
7 10 57 22 16 13 67 66 46 3 0 59 6 44 54 47 1 11 50
7 10 57 22 16 13 67 66 47 3 0 59 6 44 54 46 1 11 50
6 9 57 22 16 13 67 66 3 0 59 6 44 54 47 1 11
#c 3 3 0 3 1 1 3 5 5 4 1 3 7 6 4 1 6 5 0 4 7 5 6 0 2 2 8 4 5 0 1 2 0 4 0 8 0 4 4 1 7 4 7 2 3 5 6 3 1 5 3 1 2 1 3 2 4 6 1 3 0 1 2 8 2 0 6 6
8 3 55 43 24 31 25 52 64 62 35 63 26
9 2 55 43 24 31 25 52 64 62 26 35 63
8 3 55 43 24 31 25 52 64 26 35 63 62
8 3 55 43 24 31 25 52 62 26 35 63 64
8 3 55 43 24 31 25 64 62 26 35 63 52
8 3 55 43 24 31 52 64 62 26 35 63 25
8 3 55 43 24 25 52 64 62 26 35 63 31
8 3 55 43 31 25 52 64 62 26 35 63 24
8 3 55 24 31 25 52 64 62 26 35 63 43
7 2 55 43 31 25 52 64 62 35 63
#c 3 3 0 3 1 1 3 5 5 4 1 3 7 6 4 1 6 5 0 4 7 5 6 0 2 2 8 4 5 0 1 2 0 4 0 8 0 4 4 1 7 4 7 2 3 5 6 3 1 5 3 1 2 1 3 2 4 6 1 3 0 1 2 8 2 0 6 6
9 7 34 60 65 29 2 32 36 18 23 7 28 49 45 21 8 17
10 6 34 60 65 29 2 32 36 18 23 17 7 28 49 45 21 8
9 7 34 60 65 29 2 32 36 18 17 7 28 49 45 21 8 23
#c 3 3 0 3 1 1 3 5 5 4 1 3 7 6 4 1 6 5 0 4 7 5 6 0 2 2 8 4 5 0 1 2 0 4 0 8 0 4 4 1 7 4 7 2 3 5 6 3 1 5 3 1 2 1 3 2 4 6 1 3 0 1 2 8 2 0 6 6
10 9 3 0 59 6 44 54 50 47 1 11 19 38 33 9 27 41 56 37 14
11 8 3 0 59 6 44 54 50 47 1 11 14 19 38 33 9 27 41 56 37
11 8 3 0 59 6 44 54 50 47 1 11 37 19 38 33 9 27 41 56 14
#c 3 3 0 3 1 1 3 5 5 4 1 3 7 6 3 1 6 5 0 4 7 5 6 0 2 2 8 4 5 0 1 2 0 4 0 8 0 4 4 1 7 4 7 2 3 5 6 3 1 5 3 1 2 1 3 2 4 6 1 3 0 1 2 8 2 0 6 6
9 7 34 60 65 29 2 32 36 18 23 57 22 16 13 67 66 46
8 8 34 60 65 29 2 32 36 18 57 22 16 13 67 66 46 23
9 7 34 60 65 29 2 32 36 18 46 57 22 16 13 67 66 23
9 7 34 60 65 29 2 32 36 18 66 57 22 16 13 67 46 23
8 6 34 60 65 29 2 32 36 18 57 22 16 13 67 66
#c 3 3 6 3 1 1 3 5 5 4 1 3 7 0 3 1 0 5 6 4 7 5 0 0 2 2 8 4 5 6 1 2 6 4 6 8 6 4 4 1 7 4 7 2 3 5 6 3 1 5 3 1 2 1 3 2 4 0 1 3 6 1 2 8 2 6 0 0
7 4 57 22 16 13 67 66 23 42 40 12 20
8 3 57 22 16 13 67 66 23 20 42 40 12
7 4 57 22 16 13 67 66 20 42 40 12 23
#c 3 3 6 3 1 1 3 5 5 4 1 3 7 0 3 1 0 5 6 4 7 5 0 0 2 2 8 4 5 6 1 2 6 4 6 8 6 4 4 1 7 4 7 2 3 5 6 3 1 5 3 1 2 1 3 2 4 0 1 3 6 1 2 8 2 6 0 0
8 7 19 38 33 9 27 41 56 37 7 28 49 45 21 8 17
9 6 19 38 33 9 27 41 56 37 17 7 28 49 45 21 8
8 7 19 38 33 9 27 41 56 17 7 28 49 45 21 8 37
8 7 19 38 33 9 27 41 37 17 7 28 49 45 21 8 56
7 6 19 38 33 9 27 41 56 7 28 49 45 21 8
#c 3 3 6 3 1 1 3 5 5 4 1 3 7 0 3 1 0 5 6 4 7 5 0 0 2 2 8 4 5 6 1 2 6 4 6 8 6 4 4 1 7 4 7 2 3 5 6 3 1 5 3 1 2 1 3 2 4 0 1 3 6 1 2 8 2 6 0 0
7 9 57 22 16 13 67 66 23 34 60 65 29 2 32 36 18 46
6 10 57 22 16 13 67 66 34 60 65 29 2 32 36 18 46 23
7 9 57 22 16 13 67 66 46 34 60 65 29 2 32 36 18 23
7 9 57 22 16 13 67 66 18 34 60 65 29 2 32 36 46 23
6 8 57 22 16 13 67 66 34 60 65 29 2 32 36 18
#c 3 3 6 3 1 1 3 5 5 4 1 3 7 0 3 1 0 5 6 4 7 5 0 0 2 2 8 4 5 6 1 2 6 4 6 8 6 4 4 1 7 4 7 2 3 5 6 3 1 5 3 1 2 1 3 2 4 0 1 3 6 1 2 8 2 6 0 0
8 3 19 38 33 9 27 41 56 37 35 63 26
9 2 19 38 33 9 27 41 56 37 26 35 63
8 3 19 38 33 9 27 41 56 26 35 63 37
8 3 19 38 33 9 27 41 37 26 35 63 56
8 3 19 38 33 9 27 56 37 26 35 63 41
8 3 19 38 33 9 41 56 37 26 35 63 27
8 3 19 38 33 27 41 56 37 26 35 63 9
8 3 19 38 9 27 41 56 37 26 35 63 33
8 3 19 33 9 27 41 56 37 26 35 63 38
7 2 19 38 9 27 41 56 37 35 63
#c 3 3 6 3 1 1 3 5 5 4 1 3 7 0 3 1 0 5 6 4 7 5 0 0 2 2 8 4 5 6 1 2 6 4 6 8 6 4 4 1 7 4 7 2 3 5 6 3 1 5 3 1 2 1 3 2 4 0 1 3 6 1 2 8 2 6 0 0
11 8 10 5 15 39 51 30 58 48 4 53 61 19 38 33 9 27 41 56 37
10 9 10 5 15 39 51 30 58 48 4 53 19 38 33 9 27 41 56 37 61
11 8 10 5 15 39 51 30 58 48 4 53 37 19 38 33 9 27 41 56 61
#c 3 3 6 3 1 1 3 5 5 4 1 3 7 0 3 1 0 5 6 4 7 5 0 0 2 2 8 4 5 6 1 2 6 4 6 8 6 4 4 1 7 4 7 2 3 5 6 3 1 5 3 1 2 1 3 2 4 0 1 3 6 1 2 8 2 6 0 0
8 3 19 38 33 9 27 41 56 37 35 63 26
9 2 19 38 33 9 27 41 56 37 26 35 63
8 3 19 38 33 9 27 41 56 26 35 63 37
8 3 19 38 33 9 27 41 37 26 35 63 56
8 3 19 38 33 9 27 56 37 26 35 63 41
8 3 19 38 33 9 41 56 37 26 35 63 27
8 3 19 38 33 27 41 56 37 26 35 63 9
8 3 19 38 9 27 41 56 37 26 35 63 33
8 3 19 33 9 27 41 56 37 26 35 63 38
7 2 19 38 9 27 41 56 37 35 63
#c 3 3 6 3 1 1 3 5 5 4 1 3 7 0 3 1 0 5 6 4 7 5 0 0 2 2 8 4 5 6 1 2 6 4 6 8 6 4 4 1 7 4 7 2 3 5 6 3 1 5 3 1 2 1 3 2 4 0 1 3 6 1 2 8 2 6 0 0
8 3 19 38 33 9 27 41 56 37 35 63 26
9 2 19 38 33 9 27 41 56 37 26 35 63
8 3 19 38 33 9 27 41 56 26 35 63 37
8 3 19 38 33 9 27 41 37 26 35 63 56
8 3 19 38 33 9 27 56 37 26 35 63 41
8 3 19 38 33 9 41 56 37 26 35 63 27
8 3 19 38 33 27 41 56 37 26 35 63 9
8 3 19 38 9 27 41 56 37 26 35 63 33
8 3 19 33 9 27 41 56 37 26 35 63 38
7 2 19 38 9 27 41 56 37 35 63
#c 3 3 6 3 1 1 3 5 5 4 1 3 7 0 3 1 0 5 6 4 7 5 0 0 2 2 8 4 5 6 1 2 6 4 6 8 6 4 4 1 7 4 7 2 3 5 6 3 1 5 3 1 2 1 3 2 4 0 1 3 6 1 2 8 2 6 0 0
11 4 10 5 15 39 51 30 58 48 4 53 61 42 40 12 20
12 3 10 5 15 39 51 30 58 48 4 53 61 20 42 40 12
11 4 10 5 15 39 51 30 58 48 4 53 20 42 40 12 61
11 4 10 5 15 39 51 30 58 48 4 61 20 42 40 12 53
11 4 10 5 15 39 51 30 58 48 53 61 20 42 40 12 4
11 4 10 5 15 39 51 30 58 4 53 61 20 42 40 12 48
10 3 10 5 15 39 51 30 58 48 53 61 42 40 12
#c 3 3 6 3 1 1 3 5 5 4 1 3 7 0 3 1 0 5 6 4 7 5 0 0 2 2 8 4 5 6 1 2 6 4 6 8 6 4 4 1 7 4 7 2 3 5 6 3 1 5 3 1 2 1 3 2 4 0 1 3 6 1 2 8 2 6 0 0
11 7 10 5 15 39 51 30 58 48 4 53 61 7 28 49 45 21 8 17
10 8 10 5 15 39 51 30 58 48 4 53 7 28 49 45 21 8 17 61
11 7 10 5 15 39 51 30 58 48 4 53 17 7 28 49 45 21 8 61
#c 3 3 6 3 1 1 3 5 5 4 1 3 7 0 3 1 0 5 6 4 7 5 0 0 2 2 8 4 5 6 1 2 6 4 6 8 6 4 4 1 7 4 7 2 3 5 6 3 1 5 3 1 2 1 3 2 4 0 1 3 6 1 2 8 2 6 0 0
8 9 55 43 24 31 25 52 64 62 34 60 65 29 2 32 36 18 46
7 10 55 43 24 31 25 52 64 34 60 65 29 2 32 36 18 46 62
8 9 55 43 24 31 25 52 64 46 34 60 65 29 2 32 36 18 62
#c 3 3 6 3 1 1 3 5 5 4 1 3 7 0 3 1 0 5 6 4 7 5 0 0 2 2 8 4 5 6 1 2 6 4 6 8 6 4 4 1 7 4 7 2 3 5 6 3 1 5 3 1 2 1 3 2 4 0 1 3 6 1 2 8 2 6 0 0
8 7 55 43 24 31 25 52 64 62 7 28 49 45 21 8 17
7 8 55 43 24 31 25 52 64 7 28 49 45 21 8 17 62
8 7 55 43 24 31 25 52 64 17 7 28 49 45 21 8 62
#c 3 3 6 3 1 1 3 5 5 4 1 3 7 0 3 1 0 5 6 4 7 5 0 0 2 2 8 4 5 6 1 2 6 4 6 8 6 4 4 1 7 4 7 2 3 5 6 3 1 5 3 1 2 1 3 2 4 0 1 3 6 1 2 8 2 6 0 0
8 7 55 43 24 31 25 52 64 62 7 28 49 45 21 8 17
7 8 55 43 24 31 25 52 64 7 28 49 45 21 8 17 62
8 7 55 43 24 31 25 52 64 17 7 28 49 45 21 8 62
#c 3 3 6 3 1 1 3 5 5 4 1 3 7 0 3 1 0 5 6 4 7 5 0 0 2 2 8 4 5 6 1 2 6 4 6 8 6 4 4 1 7 4 7 2 3 5 6 3 1 5 3 1 2 1 3 2 4 0 1 3 6 1 2 8 2 6 0 0
11 7 10 5 15 39 51 30 58 48 4 53 61 7 28 49 45 21 8 17
10 8 10 5 15 39 51 30 58 48 4 53 7 28 49 45 21 8 17 61
11 7 10 5 15 39 51 30 58 48 4 53 17 7 28 49 45 21 8 61
#c 3 3 6 3 1 1 3 5 5 4 1 3 7 0 3 1 0 5 6 4 7 5 0 0 2 2 8 4 5 6 1 2 6 4 6 8 6 4 4 1 7 4 7 2 3 5 6 3 1 5 3 1 2 1 3 2 4 0 1 3 6 1 2 8 2 6 0 0
11 3 10 5 15 39 51 30 58 48 4 53 61 35 63 26
12 2 10 5 15 39 51 30 58 48 4 53 61 26 35 63
11 3 10 5 15 39 51 30 58 48 4 53 26 35 63 61
11 3 10 5 15 39 51 30 58 48 4 61 26 35 63 53
11 3 10 5 15 39 51 30 58 48 53 61 26 35 63 4
11 3 10 5 15 39 51 30 58 4 53 61 26 35 63 48
11 3 10 5 15 39 51 30 48 4 53 61 26 35 63 58
11 3 10 5 15 39 51 58 48 4 53 61 26 35 63 30
11 3 10 5 15 39 30 58 48 4 53 61 26 35 63 51
11 3 10 5 15 51 30 58 48 4 53 61 26 35 63 39
11 3 10 5 39 51 30 58 48 4 53 61 26 35 63 15
11 3 10 15 39 51 30 58 48 4 53 61 26 35 63 5
10 2 10 5 39 51 30 58 48 4 53 61 35 63
#c 3 3 6 3 1 1 3 5 5 4 1 3 7 0 3 1 0 5 6 4 7 5 0 0 2 2 8 4 5 6 1 2 6 4 6 8 6 4 4 1 7 4 7 2 3 5 6 3 1 5 3 1 2 1 3 2 4 0 1 3 6 1 2 8 2 6 0 0
7 3 7 28 49 45 21 8 17 35 63 26
8 2 7 28 49 45 21 8 17 26 35 63
7 3 7 28 49 45 21 8 26 35 63 17
7 3 7 28 49 45 21 17 26 35 63 8
7 3 7 28 49 45 8 17 26 35 63 21
7 3 7 28 49 21 8 17 26 35 63 45
7 3 7 28 45 21 8 17 26 35 63 49
7 3 7 49 45 21 8 17 26 35 63 28
6 2 7 28 45 21 8 17 35 63
#c 3 3 6 3 1 1 3 5 5 4 1 3 7 0 3 1 0 5 6 4 7 5 0 0 2 2 8 4 5 6 1 2 6 4 6 8 6 4 4 1 7 4 7 2 3 5 6 3 1 5 3 1 2 1 3 2 4 0 1 3 6 1 2 8 2 6 0 0
11 4 10 5 15 39 51 30 58 48 4 53 61 42 40 12 20
12 3 10 5 15 39 51 30 58 48 4 53 61 20 42 40 12
11 4 10 5 15 39 51 30 58 48 4 53 20 42 40 12 61
11 4 10 5 15 39 51 30 58 48 4 61 20 42 40 12 53
11 4 10 5 15 39 51 30 58 48 53 61 20 42 40 12 4
11 4 10 5 15 39 51 30 58 4 53 61 20 42 40 12 48
10 3 10 5 15 39 51 30 58 48 53 61 42 40 12
#c 3 3 6 3 1 1 3 5 5 4 1 3 7 0 3 1 0 5 6 4 7 5 0 0 2 2 8 4 5 6 1 2 6 4 6 8 6 4 4 1 7 4 7 2 3 5 6 3 1 5 3 1 2 1 3 2 4 0 1 3 6 1 2 8 2 6 0 0
7 11 57 22 16 13 67 66 23 3 0 59 6 44 54 50 47 14 1 11
8 10 57 22 16 13 67 66 23 11 3 0 59 6 44 54 50 47 14 1
8 10 57 22 16 13 67 66 23 1 3 0 59 6 44 54 50 47 14 11
8 10 57 22 16 13 67 66 23 14 3 0 59 6 44 54 50 47 1 11
#c 3 0 6 3 1 1 3 5 5 4 1 3 7 0 3 1 0 5 6 4 7 5 0 0 2 2 8 4 5 6 1 2 6 4 6 8 6 4 4 1 7 4 7 2 3 5 6 3 1 5 3 1 2 1 3 2 4 0 1 3 6 1 2 8 2 6 0 0
7 3 7 28 49 45 21 8 17 35 63 26
8 2 7 28 49 45 21 8 17 26 35 63
7 3 7 28 49 45 21 8 26 35 63 17
7 3 7 28 49 45 21 17 26 35 63 8
7 3 7 28 49 45 8 17 26 35 63 21
7 3 7 28 49 21 8 17 26 35 63 45
7 3 7 28 45 21 8 17 26 35 63 49
7 3 7 49 45 21 8 17 26 35 63 28
6 2 7 28 45 21 8 17 35 63
#c 3 0 6 3 1 1 3 5 5 4 1 3 7 0 3 1 0 5 6 4 7 5 0 0 2 2 8 4 5 6 1 2 6 4 6 8 6 4 4 1 7 4 7 2 3 5 6 3 1 5 3 1 2 1 3 2 4 0 1 3 6 1 2 8 2 6 0 0
8 4 57 22 16 13 67 66 23 1 42 40 12 20
9 3 57 22 16 13 67 66 23 1 20 42 40 12
8 4 57 22 16 13 67 66 23 20 42 40 12 1
8 4 57 22 16 13 67 66 1 20 42 40 12 23
7 3 57 22 16 13 67 66 23 42 40 12
#c 3 0 6 3 1 1 3 5 5 4 1 3 0 7 3 1 7 5 6 4 7 5 7 7 2 2 8 4 5 6 1 2 6 4 6 8 6 4 4 1 0 4 0 2 3 5 6 3 1 5 3 1 2 1 3 2 4 7 1 3 6 1 2 8 2 6 7 7
11 9 10 5 15 39 51 30 58 48 4 53 61 34 60 65 29 2 32 36 18 46
10 10 10 5 15 39 51 30 58 48 4 53 34 60 65 29 2 32 36 18 46 61
10 10 10 5 15 39 51 30 58 48 4 61 34 60 65 29 2 32 36 18 46 53
#c 3 0 6 3 1 1 3 5 5 4 1 3 0 7 3 1 7 5 6 4 7 5 7 7 2 2 8 4 5 6 1 2 6 4 6 8 6 4 4 1 0 4 0 2 3 5 6 3 1 5 3 1 2 1 3 2 4 7 1 3 6 6 2 8 2 6 7 7
10 10 10 5 15 39 51 30 58 48 4 53 3 0 59 6 44 54 50 47 14 11
9 11 10 5 15 39 51 30 58 48 4 3 0 59 6 44 54 50 47 14 11 53
10 10 10 5 15 39 51 30 58 48 4 11 3 0 59 6 44 54 50 47 14 53
10 10 10 5 15 39 51 30 58 48 4 14 3 0 59 6 44 54 50 47 11 53
9 9 10 5 15 39 51 30 58 48 4 3 0 59 6 44 54 50 47 14
#c 3 0 6 3 1 1 3 5 5 4 1 3 0 7 3 1 7 5 6 4 7 5 7 7 2 2 8 4 5 6 1 2 6 4 6 8 6 4 4 1 0 4 0 2 3 5 6 3 1 5 3 1 2 1 3 2 4 7 1 3 6 6 2 8 2 6 7 7
4 3 42 40 12 1 35 63 26
5 2 42 40 12 1 26 35 63
4 3 42 40 12 26 35 63 1
4 3 42 40 1 26 35 63 12
3 2 42 40 12 35 63
#c 3 0 6 3 1 1 3 5 5 4 1 3 0 7 3 1 7 5 6 4 7 5 7 7 2 2 8 4 5 6 1 2 6 4 6 8 6 4 4 1 0 4 0 2 3 5 6 3 1 5 3 1 2 1 3 2 4 7 1 3 6 6 2 8 2 6 7 7
7 10 7 28 49 45 21 8 17 34 60 65 29 2 32 36 18 61 46
6 11 7 28 49 45 21 8 34 60 65 29 2 32 36 18 61 46 17
7 10 7 28 49 45 21 8 46 34 60 65 29 2 32 36 18 61 17
7 10 7 28 49 45 21 8 61 34 60 65 29 2 32 36 18 46 17
7 10 7 28 49 45 21 8 18 34 60 65 29 2 32 36 61 46 17
6 9 7 28 49 45 21 8 34 60 65 29 2 32 36 18 46
#c 3 0 5 3 1 1 3 6 6 4 1 3 0 7 3 1 7 5 5 4 7 6 7 7 2 2 8 4 6 5 1 2 5 4 5 8 5 4 4 1 0 4 0 2 3 6 5 3 1 6 3 1 2 1 3 2 4 7 1 3 5 6 2 8 2 5 7 7
8 8 19 38 33 9 27 41 56 37 57 22 16 13 67 66 20 23
9 7 19 38 33 9 27 41 56 37 23 57 22 16 13 67 66 20
8 8 19 38 33 9 27 41 56 23 57 22 16 13 67 66 20 37
#c 3 0 5 3 1 1 3 6 6 4 1 3 0 7 3 1 7 5 5 4 7 6 7 7 2 2 8 4 6 5 1 2 5 4 5 8 5 4 4 1 0 4 0 2 3 6 5 3 1 6 3 1 2 1 3 2 4 7 1 3 5 6 2 8 2 5 7 7
4 8 42 40 12 1 19 38 33 9 27 41 56 37
5 7 42 40 12 1 37 19 38 33 9 27 41 56
4 8 42 40 12 37 19 38 33 9 27 41 56 1
4 8 42 40 1 37 19 38 33 9 27 41 56 12
3 7 42 40 12 19 38 33 9 27 41 56
#c 3 0 5 3 1 1 3 6 6 4 1 3 0 7 3 1 7 5 5 4 7 6 7 7 2 2 8 4 6 5 1 2 5 4 5 8 5 4 4 1 0 4 0 2 3 6 5 3 1 6 3 1 2 1 3 2 4 7 1 3 5 6 2 8 2 5 7 7
8 8 55 43 24 31 25 52 64 62 19 38 33 9 27 41 56 37
7 9 55 43 24 31 25 52 64 19 38 33 9 27 41 56 37 62
8 8 55 43 24 31 25 52 64 37 19 38 33 9 27 41 56 62
#c 3 0 5 3 1 1 3 6 6 4 1 3 0 7 3 1 7 5 5 4 7 6 7 7 2 2 8 4 6 5 1 2 5 4 5 8 5 4 4 1 0 4 0 2 3 6 5 3 1 6 3 1 2 1 3 2 4 7 1 3 5 6 2 8 2 5 7 7
10 8 34 60 65 29 2 32 36 18 17 46 19 38 33 9 27 41 56 37
9 9 34 60 65 29 2 32 36 18 17 19 38 33 9 27 41 56 37 46
10 8 34 60 65 29 2 32 36 18 17 37 19 38 33 9 27 41 56 46
#c 3 0 5 3 1 1 3 6 6 4 1 3 0 7 3 1 7 5 5 4 7 6 7 7 2 2 8 4 6 5 1 2 5 4 5 8 5 4 4 1 0 4 0 2 3 6 5 3 1 6 3 1 2 1 3 2 4 7 1 3 5 6 2 8 2 5 7 7
8 8 55 43 24 31 25 52 64 62 57 22 16 13 67 66 20 23
7 9 55 43 24 31 25 52 64 57 22 16 13 67 66 20 23 62
8 8 55 43 24 31 25 52 64 23 57 22 16 13 67 66 20 62
8 8 55 43 24 31 25 52 64 20 57 22 16 13 67 66 23 62
7 7 55 43 24 31 25 52 64 57 22 16 13 67 66 20
#c 3 0 5 3 1 1 3 6 6 4 1 3 0 2 3 1 2 5 5 4 2 6 2 7 7 7 8 4 6 5 1 7 5 4 5 8 5 4 4 1 0 4 0 7 3 6 5 3 1 6 3 1 7 1 3 7 4 2 1 3 5 6 2 8 7 5 2 2
10 10 10 5 15 39 51 30 58 48 4 53 3 0 59 6 44 54 50 47 14 11
9 11 10 5 15 39 51 30 58 48 4 3 0 59 6 44 54 50 47 14 11 53
10 10 10 5 15 39 51 30 58 48 4 11 3 0 59 6 44 54 50 47 14 53
10 10 10 5 15 39 51 30 58 48 4 14 3 0 59 6 44 54 50 47 11 53
9 9 10 5 15 39 51 30 58 48 4 3 0 59 6 44 54 50 47 14
#c 3 0 5 3 1 1 3 6 6 4 1 3 0 2 3 1 2 5 5 4 2 6 2 7 7 7 8 4 6 5 1 7 5 4 5 8 5 4 4 1 0 4 0 7 3 6 5 3 1 6 3 1 7 1 3 7 4 2 1 3 5 6 2 8 7 5 2 2
10 10 3 0 59 6 44 54 50 47 14 11 34 60 65 29 2 32 36 18 17 46
11 9 3 0 59 6 44 54 50 47 14 11 46 34 60 65 29 2 32 36 18 17
10 10 3 0 59 6 44 54 50 47 14 46 34 60 65 29 2 32 36 18 17 11
#c 3 0 5 3 1 1 3 6 6 4 1 3 0 2 3 1 2 5 5 4 2 6 2 7 7 7 8 4 6 5 1 7 5 4 5 8 5 4 4 1 0 4 0 7 3 6 5 3 1 6 3 1 7 1 3 7 4 2 1 3 5 6 2 8 7 5 2 2
4 8 42 40 12 1 55 43 24 31 25 52 64 23
5 7 42 40 12 1 23 55 43 24 31 25 52 64
4 8 42 40 12 23 55 43 24 31 25 52 64 1
4 8 42 40 1 23 55 43 24 31 25 52 64 12
3 7 42 40 12 55 43 24 31 25 52 64
#c 3 0 5 3 1 1 3 6 6 4 1 3 7 2 3 1 2 5 5 4 2 6 2 7 0 0 8 4 6 5 1 0 5 4 5 8 5 4 4 1 7 4 7 0 3 6 5 3 1 6 3 1 0 1 3 0 4 2 1 3 5 6 2 8 0 5 2 2
8 10 55 43 24 31 25 52 64 1 34 60 65 29 2 32 36 18 17 46
9 9 55 43 24 31 25 52 64 1 46 34 60 65 29 2 32 36 18 17
8 10 55 43 24 31 25 52 64 46 34 60 65 29 2 32 36 18 17 1
#c 3 0 5 3 1 1 3 6 6 4 1 3 7 2 3 1 2 5 5 4 2 6 2 7 0 0 8 4 6 5 1 0 5 4 5 8 5 4 4 1 7 4 7 0 3 6 5 3 1 6 3 1 0 1 3 0 4 2 1 3 5 6 2 8 0 5 2 2
10 8 34 60 65 29 2 32 36 18 17 46 19 38 33 9 27 41 56 37
9 9 34 60 65 29 2 32 36 18 17 19 38 33 9 27 41 56 37 46
10 8 34 60 65 29 2 32 36 18 17 37 19 38 33 9 27 41 56 46
#c 3 0 5 3 1 1 3 6 6 4 1 3 7 2 3 1 2 5 5 4 2 6 2 7 0 0 8 4 6 5 1 0 5 4 5 8 5 4 4 1 7 4 7 0 3 6 5 3 1 6 3 1 0 1 3 0 4 2 1 3 5 6 2 8 0 5 2 2
10 10 34 60 65 29 2 32 36 18 17 46 3 0 59 6 44 54 50 47 14 11
9 11 34 60 65 29 2 32 36 18 17 3 0 59 6 44 54 50 47 14 11 46
10 10 34 60 65 29 2 32 36 18 17 11 3 0 59 6 44 54 50 47 14 46
#c 3 0 5 3 1 1 3 6 6 4 1 3 7 2 3 1 2 5 5 4 2 6 2 7 0 0 8 4 6 5 1 0 5 4 5 8 5 4 4 1 7 4 7 0 3 6 5 3 1 6 3 1 0 1 3 0 4 2 1 3 5 6 2 8 0 5 2 2
8 4 55 43 24 31 25 52 64 1 42 40 12 23
9 3 55 43 24 31 25 52 64 1 23 42 40 12
8 4 55 43 24 31 25 52 64 23 42 40 12 1
8 4 55 43 24 31 25 52 1 23 42 40 12 64
7 3 55 43 24 31 25 52 64 42 40 12
#c 3 0 5 3 1 1 3 6 6 4 1 3 7 2 3 1 2 5 5 4 2 6 2 7 0 0 8 4 6 5 1 0 5 4 5 8 5 4 4 1 7 4 7 0 3 6 5 3 1 6 3 1 0 1 3 0 4 2 1 3 5 6 2 8 0 5 2 2
8 7 19 38 33 9 27 41 56 37 7 28 49 45 21 8 61
7 8 19 38 33 9 27 41 56 7 28 49 45 21 8 61 37
8 7 19 38 33 9 27 41 56 61 7 28 49 45 21 8 37
8 7 19 38 33 9 27 41 56 8 7 28 49 45 21 61 37
7 6 19 38 33 9 27 41 56 7 28 49 45 21 8
#c 3 0 5 3 1 1 3 4 4 6 1 3 7 2 3 1 2 5 5 6 2 4 2 7 0 0 8 6 4 5 1 0 5 6 5 8 5 4 6 1 7 6 7 0 3 4 5 3 1 4 3 1 0 1 3 0 6 2 1 3 5 6 2 8 0 5 2 2
10 10 10 5 15 39 51 30 58 48 4 53 3 0 59 6 44 54 50 47 14 11
9 11 10 5 15 39 51 30 58 48 4 3 0 59 6 44 54 50 47 14 11 53
10 10 10 5 15 39 51 30 58 48 4 11 3 0 59 6 44 54 50 47 14 53
10 10 10 5 15 39 51 30 58 48 4 14 3 0 59 6 44 54 50 47 11 53
9 9 10 5 15 39 51 30 58 48 4 3 0 59 6 44 54 50 47 14
#c 3 0 5 3 1 1 3 4 4 6 1 3 7 2 3 1 2 5 5 6 2 4 2 7 0 0 8 6 4 5 1 0 5 6 5 8 5 4 6 1 7 6 7 0 3 4 5 3 1 4 3 1 0 1 3 0 6 2 1 3 5 6 2 8 0 5 2 2
10 7 3 0 59 6 44 54 50 47 14 11 7 28 49 45 21 8 37
11 6 3 0 59 6 44 54 50 47 14 11 37 7 28 49 45 21 8
10 7 3 0 59 6 44 54 50 47 14 37 7 28 49 45 21 8 11
10 7 3 0 59 6 44 54 50 47 11 37 7 28 49 45 21 8 14
9 6 3 0 59 6 44 54 50 47 14 7 28 49 45 21 8
#c 3 0 5 3 1 1 3 4 4 6 1 3 7 2 3 1 2 5 5 6 2 4 2 7 0 0 8 6 4 5 1 0 5 6 5 8 5 4 6 1 7 6 7 0 3 4 5 3 1 4 3 1 0 1 3 0 6 2 1 3 5 6 2 8 0 5 2 2
8 10 55 43 24 31 25 52 64 1 3 0 59 6 44 54 50 47 14 11
7 11 55 43 24 31 25 52 64 3 0 59 6 44 54 50 47 14 11 1
8 10 55 43 24 31 25 52 64 11 3 0 59 6 44 54 50 47 14 1
8 10 55 43 24 31 25 52 64 14 3 0 59 6 44 54 50 47 11 1
7 9 55 43 24 31 25 52 64 3 0 59 6 44 54 50 47 14
#c 0 0 5 0 1 1 0 4 4 6 1 3 7 2 0 1 2 5 5 6 2 4 2 7 3 3 8 6 4 5 1 3 5 6 5 8 5 4 6 1 7 6 7 3 0 4 5 0 1 4 0 1 3 1 0 3 6 2 1 0 5 6 2 8 3 5 2 2
8 8 19 38 33 9 27 41 56 61 57 22 16 13 67 66 20 62
9 7 19 38 33 9 27 41 56 61 62 57 22 16 13 67 66 20
8 8 19 38 33 9 27 41 56 62 57 22 16 13 67 66 20 61
8 8 19 38 33 9 27 41 61 62 57 22 16 13 67 66 20 56
7 7 19 38 33 9 27 41 56 57 22 16 13 67 66 20
#c 0 0 5 0 1 1 0 4 4 2 1 3 7 6 0 1 6 5 5 2 6 4 6 7 3 3 8 2 4 5 1 3 5 2 5 8 5 4 2 1 7 2 7 3 0 4 5 0 1 4 0 1 3 1 0 3 2 6 1 0 5 6 2 8 3 5 6 6
8 10 55 43 24 31 25 52 64 11 10 5 15 39 51 30 58 48 4 53
9 9 55 43 24 31 25 52 64 11 53 10 5 15 39 51 30 58 48 4
8 10 55 43 24 31 25 52 64 53 10 5 15 39 51 30 58 48 4 11
8 10 55 43 24 31 25 52 11 53 10 5 15 39 51 30 58 48 4 64
7 9 55 43 24 31 25 52 64 10 5 15 39 51 30 58 48 4
#c 0 0 5 0 1 1 0 4 4 2 1 3 7 6 0 1 6 5 5 2 6 4 6 7 3 3 8 2 4 5 1 3 5 2 5 8 5 4 2 1 7 2 7 3 0 4 5 0 1 4 0 1 3 1 0 3 2 6 1 0 5 6 2 8 3 5 6 6
4 8 42 40 12 23 19 38 33 9 27 41 56 62
3 9 42 40 12 19 38 33 9 27 41 56 62 23
4 8 42 40 12 62 19 38 33 9 27 41 56 23
#c 0 0 5 0 1 1 0 4 4 2 1 3 7 6 0 1 6 5 5 2 6 4 6 7 3 3 8 2 4 5 1 3 5 2 5 8 5 4 2 1 7 2 7 3 0 4 5 0 1 4 0 1 3 1 0 3 2 6 1 0 5 6 2 8 3 5 6 6
8 7 57 22 16 13 67 66 20 61 7 28 49 45 21 8 37
9 6 57 22 16 13 67 66 20 61 37 7 28 49 45 21 8
8 7 57 22 16 13 67 66 20 37 7 28 49 45 21 8 61
8 7 57 22 16 13 67 66 61 37 7 28 49 45 21 8 20
7 6 57 22 16 13 67 66 20 7 28 49 45 21 8
#c 0 0 5 0 1 1 0 4 4 2 1 3 7 6 0 1 6 5 5 2 6 4 6 7 3 3 8 2 4 5 1 3 5 2 5 8 5 4 2 1 7 2 7 3 0 4 5 0 1 4 0 1 3 1 0 3 2 6 1 0 5 6 2 8 3 5 6 6
4 7 42 40 12 23 7 28 49 45 21 8 37
3 8 42 40 12 7 28 49 45 21 8 37 23
4 7 42 40 12 37 7 28 49 45 21 8 23
#c 0 0 5 0 1 1 0 4 4 2 1 3 7 6 0 1 6 5 5 2 6 4 6 7 3 3 8 2 4 5 1 3 5 2 5 8 5 4 2 1 7 2 7 3 0 4 5 0 1 4 0 1 3 1 0 3 2 6 1 0 5 6 2 8 3 5 6 6
7 3 7 28 49 45 21 8 37 35 63 26
8 2 7 28 49 45 21 8 37 26 35 63
7 3 7 28 49 45 21 8 26 35 63 37
7 3 7 28 49 45 21 37 26 35 63 8
7 3 7 28 49 45 8 37 26 35 63 21
7 3 7 28 49 21 8 37 26 35 63 45
7 3 7 28 45 21 8 37 26 35 63 49
7 3 7 49 45 21 8 37 26 35 63 28
6 2 7 28 45 21 8 37 35 63
#c 0 0 5 0 1 1 0 4 4 2 1 3 7 6 0 1 6 5 5 2 6 4 6 7 3 3 8 2 4 5 1 3 5 2 5 8 5 4 2 1 7 2 7 3 0 4 5 0 1 4 0 1 3 1 0 3 2 6 1 0 5 6 2 8 3 5 6 6
8 7 57 22 16 13 67 66 20 61 7 28 49 45 21 8 37
9 6 57 22 16 13 67 66 20 61 37 7 28 49 45 21 8
8 7 57 22 16 13 67 66 20 37 7 28 49 45 21 8 61
8 7 57 22 16 13 67 66 61 37 7 28 49 45 21 8 20
7 6 57 22 16 13 67 66 20 7 28 49 45 21 8
#c 0 0 5 0 1 1 0 4 4 2 1 3 7 6 0 1 6 5 5 2 6 4 6 7 3 3 8 2 4 5 1 3 5 2 5 8 5 4 2 1 7 2 7 3 0 4 5 0 1 4 0 1 3 1 0 3 2 6 1 0 5 6 2 8 3 5 6 6
10 3 3 0 59 6 44 54 50 47 14 1 35 63 26
11 2 3 0 59 6 44 54 50 47 14 1 26 35 63
10 3 3 0 59 6 44 54 50 47 14 26 35 63 1
10 3 3 0 59 6 44 54 50 47 1 26 35 63 14
10 3 3 0 59 6 44 54 50 14 1 26 35 63 47
10 3 3 0 59 6 44 54 47 14 1 26 35 63 50
10 3 3 0 59 6 44 50 47 14 1 26 35 63 54
10 3 3 0 59 6 54 50 47 14 1 26 35 63 44
10 3 3 0 59 44 54 50 47 14 1 26 35 63 6
10 3 3 0 6 44 54 50 47 14 1 26 35 63 59
9 2 3 0 59 44 54 50 47 14 1 35 63
#c 0 0 5 0 1 1 0 4 4 2 1 3 7 6 0 1 6 5 5 2 6 4 6 7 3 3 8 2 4 5 1 3 5 2 5 8 5 4 2 1 7 2 7 3 0 4 5 0 1 4 0 1 3 1 0 3 2 6 1 0 5 6 2 8 3 5 6 6
10 8 3 0 59 6 44 54 50 47 14 1 55 43 24 31 25 52 64 11
9 9 3 0 59 6 44 54 50 47 14 55 43 24 31 25 52 64 11 1
10 8 3 0 59 6 44 54 50 47 14 11 55 43 24 31 25 52 64 1
10 8 3 0 59 6 44 54 50 47 14 64 55 43 24 31 25 52 11 1
9 7 3 0 59 6 44 54 50 47 14 55 43 24 31 25 52 64
#c 0 0 5 0 1 1 0 4 4 2 1 3 7 6 0 1 6 5 5 2 6 4 6 7 3 3 8 2 4 5 1 3 5 2 5 8 5 4 2 1 7 2 7 3 0 4 5 0 1 4 0 1 3 1 0 3 2 6 1 0 5 6 2 8 3 5 6 6
8 3 57 22 16 13 67 66 20 61 35 63 26
9 2 57 22 16 13 67 66 20 61 26 35 63
8 3 57 22 16 13 67 66 20 26 35 63 61
8 3 57 22 16 13 67 66 61 26 35 63 20
8 3 57 22 16 13 67 20 61 26 35 63 66
8 3 57 22 16 13 66 20 61 26 35 63 67
8 3 57 22 16 67 66 20 61 26 35 63 13
8 3 57 22 13 67 66 20 61 26 35 63 16
8 3 57 16 13 67 66 20 61 26 35 63 22
7 2 57 22 13 67 66 20 61 35 63
#c 0 0 5 0 1 1 0 4 4 2 1 3 7 6 0 1 6 5 5 2 6 4 6 7 3 3 8 2 4 5 1 3 5 2 5 8 5 4 2 1 7 2 7 3 0 4 5 0 1 4 0 1 3 1 0 3 2 6 1 0 5 6 2 8 3 5 6 6
8 8 57 22 16 13 67 66 20 61 19 38 33 9 27 41 56 62
9 7 57 22 16 13 67 66 20 61 62 19 38 33 9 27 41 56
8 8 57 22 16 13 67 66 20 62 19 38 33 9 27 41 56 61
8 8 57 22 16 13 67 66 61 62 19 38 33 9 27 41 56 20
7 7 57 22 16 13 67 66 20 19 38 33 9 27 41 56
#c 0 0 5 0 1 1 0 4 4 2 1 3 7 6 0 1 6 5 5 2 6 4 6 7 3 3 8 2 4 5 1 3 5 2 5 8 5 4 2 1 7 2 7 3 0 4 5 0 1 4 0 1 3 1 0 3 2 6 1 0 5 6 2 8 3 5 6 6
8 3 57 22 16 13 67 66 20 61 35 63 26
9 2 57 22 16 13 67 66 20 61 26 35 63
8 3 57 22 16 13 67 66 20 26 35 63 61
8 3 57 22 16 13 67 66 61 26 35 63 20
8 3 57 22 16 13 67 20 61 26 35 63 66
8 3 57 22 16 13 66 20 61 26 35 63 67
8 3 57 22 16 67 66 20 61 26 35 63 13
8 3 57 22 13 67 66 20 61 26 35 63 16
8 3 57 16 13 67 66 20 61 26 35 63 22
7 2 57 22 13 67 66 20 61 35 63
#c 0 0 5 0 1 1 0 4 4 2 1 3 7 6 0 1 6 5 5 2 6 4 6 7 3 3 8 2 4 5 1 3 5 2 5 8 5 4 2 1 7 2 7 3 0 4 5 0 1 4 0 1 3 1 0 3 2 6 1 0 5 6 2 8 3 5 6 6
3 8 35 63 26 19 38 33 9 27 41 56 62
2 9 35 63 19 38 33 9 27 41 56 62 26
3 8 35 63 62 19 38 33 9 27 41 56 26
3 8 35 63 56 19 38 33 9 27 41 62 26
3 8 35 63 41 19 38 33 9 27 56 62 26
3 8 35 63 27 19 38 33 9 41 56 62 26
3 8 35 63 9 19 38 33 27 41 56 62 26
3 8 35 63 33 19 38 9 27 41 56 62 26
3 8 35 63 38 19 33 9 27 41 56 62 26
2 7 35 63 19 38 9 27 41 56 62
#c 0 0 5 0 1 1 0 4 4 2 1 3 7 6 0 1 6 5 5 2 6 4 6 7 3 3 8 2 4 5 1 3 5 2 5 8 5 4 2 1 7 2 7 3 0 4 5 0 1 4 0 1 3 1 0 3 2 6 1 0 5 6 2 8 3 5 6 6
7 8 7 28 49 45 21 8 37 55 43 24 31 25 52 64 11
6 9 7 28 49 45 21 8 55 43 24 31 25 52 64 11 37
7 8 7 28 49 45 21 8 11 55 43 24 31 25 52 64 37
7 8 7 28 49 45 21 8 64 55 43 24 31 25 52 11 37
6 7 7 28 49 45 21 8 55 43 24 31 25 52 64
#c 0 0 5 0 1 1 0 4 4 2 1 3 7 6 0 1 6 5 5 2 6 4 6 7 3 3 8 2 4 5 1 3 5 2 5 8 5 4 2 1 7 2 7 3 0 4 5 0 1 4 0 1 3 1 0 3 2 6 1 0 5 6 2 8 3 5 6 6
8 10 19 38 33 9 27 41 56 62 10 5 15 39 51 30 58 48 4 53
7 11 19 38 33 9 27 41 56 10 5 15 39 51 30 58 48 4 53 62
8 10 19 38 33 9 27 41 56 53 10 5 15 39 51 30 58 48 4 62
8 10 19 38 33 9 27 41 56 4 10 5 15 39 51 30 58 48 53 62
8 10 19 38 33 9 27 41 56 48 10 5 15 39 51 30 58 4 53 62
7 9 19 38 33 9 27 41 56 10 5 15 39 51 30 58 48 53
#c 0 0 5 0 1 2 0 4 4 1 2 3 7 6 0 2 6 5 5 1 6 4 6 7 3 3 8 1 4 5 2 3 5 1 5 8 5 4 1 2 7 1 7 3 0 4 5 0 2 4 0 2 3 2 0 3 1 6 2 0 5 6 2 8 3 5 6 6
4 3 42 40 12 23 35 63 26
5 2 42 40 12 23 26 35 63
4 3 42 40 12 26 35 63 23
4 3 42 40 23 26 35 63 12
3 2 42 40 12 35 63
#c 0 0 5 0 1 2 0 4 4 1 2 3 7 6 0 2 6 5 5 1 6 4 6 7 3 3 8 1 4 5 2 3 5 1 5 8 5 4 1 2 7 1 7 3 0 4 5 0 2 4 0 2 3 2 0 3 1 6 2 0 5 6 2 8 3 5 6 6
8 10 19 38 33 9 27 41 56 4 10 5 15 39 51 30 58 48 62 53
9 9 19 38 33 9 27 41 56 4 53 10 5 15 39 51 30 58 48 62
8 10 19 38 33 9 27 41 56 53 10 5 15 39 51 30 58 48 62 4
#c 0 0 5 0 1 2 0 4 4 1 2 3 7 6 0 2 6 5 5 1 6 4 6 7 3 3 8 1 4 5 2 3 5 1 5 8 5 4 1 2 7 1 7 3 0 4 5 0 2 4 0 2 3 2 0 3 1 6 2 0 5 6 2 8 3 5 6 6
4 10 42 40 12 23 3 0 59 6 44 54 50 47 14 1
3 11 42 40 12 3 0 59 6 44 54 50 47 14 1 23
4 10 42 40 12 1 3 0 59 6 44 54 50 47 14 23
4 10 42 40 12 14 3 0 59 6 44 54 50 47 1 23
3 9 42 40 12 3 0 59 6 44 54 50 47 14
#c 7 0 5 7 1 2 7 4 4 1 2 3 0 6 7 2 6 5 5 1 6 4 6 7 3 3 8 1 4 5 2 3 5 1 5 8 5 4 1 2 0 1 0 3 7 4 5 7 2 4 7 2 3 2 7 3 1 6 2 7 5 6 2 8 3 5 6 6
8 3 55 43 24 31 25 52 64 11 35 63 26
9 2 55 43 24 31 25 52 64 11 26 35 63
8 3 55 43 24 31 25 52 64 26 35 63 11
8 3 55 43 24 31 25 52 11 26 35 63 64
8 3 55 43 24 31 25 64 11 26 35 63 52
8 3 55 43 24 31 52 64 11 26 35 63 25
8 3 55 43 24 25 52 64 11 26 35 63 31
8 3 55 43 31 25 52 64 11 26 35 63 24
8 3 55 24 31 25 52 64 11 26 35 63 43
7 2 55 43 31 25 52 64 11 35 63
#c 7 0 5 7 1 2 7 4 4 1 2 3 0 6 7 2 6 5 5 1 6 4 6 7 3 3 8 1 4 5 2 3 5 1 5 8 5 4 1 2 0 1 0 3 7 4 5 7 2 4 7 2 3 2 7 3 1 6 2 7 5 6 2 8 3 5 6 6
3 4 35 63 26 42 40 12 1
2 5 35 63 42 40 12 1 26
3 4 35 63 1 42 40 12 26
3 4 35 63 12 42 40 1 26
2 3 35 63 42 40 12
#c 7 0 5 7 1 2 7 4 4 1 2 3 0 6 7 2 6 5 5 1 6 4 6 7 3 3 8 1 4 5 2 3 5 1 5 8 5 4 1 2 0 1 0 3 7 4 5 7 2 4 7 2 3 2 7 3 1 6 2 7 5 6 2 8 3 5 6 6
4 10 42 40 12 1 34 60 65 29 2 32 36 18 17 46
5 9 42 40 12 1 46 34 60 65 29 2 32 36 18 17
4 10 42 40 12 46 34 60 65 29 2 32 36 18 17 1
#c 7 0 5 7 1 2 7 4 4 1 2 3 0 6 7 2 6 5 5 1 6 4 6 7 3 3 8 1 4 5 2 3 5 1 5 8 5 4 1 2 0 1 0 3 7 4 5 7 2 4 7 2 3 2 7 3 1 6 2 7 5 6 2 8 3 5 6 6
4 8 42 40 12 1 57 22 16 13 67 66 20 61
5 7 42 40 12 1 61 57 22 16 13 67 66 20
4 8 42 40 12 61 57 22 16 13 67 66 20 1
4 8 42 40 1 61 57 22 16 13 67 66 20 12
3 7 42 40 12 57 22 16 13 67 66 20
#c 7 0 5 7 1 2 7 4 4 1 2 3 0 6 7 2 6 5 5 1 6 4 6 7 3 3 8 1 4 5 2 3 5 1 5 8 5 4 1 2 0 1 0 3 7 4 5 7 2 4 7 2 3 2 7 3 1 6 2 7 5 6 2 8 3 5 6 6
10 10 3 0 59 6 44 54 50 47 23 14 34 60 65 29 2 32 36 18 17 46
9 11 3 0 59 6 44 54 50 47 23 34 60 65 29 2 32 36 18 17 46 14
10 10 3 0 59 6 44 54 50 47 23 46 34 60 65 29 2 32 36 18 17 14
10 10 3 0 59 6 44 54 50 47 23 17 34 60 65 29 2 32 36 18 46 14
9 9 3 0 59 6 44 54 50 47 23 34 60 65 29 2 32 36 18 17
#c 7 0 5 7 1 2 7 4 4 1 2 3 0 6 7 2 6 5 5 1 6 4 6 7 3 3 8 1 4 5 2 3 5 1 5 8 5 4 1 2 0 1 0 3 7 4 5 7 2 4 7 2 3 2 7 3 1 6 2 7 5 6 2 8 3 5 6 6
7 0 5 7 1 2 7 4 4 1 2 3 0 6 7 2 6 5 5 1 6 4 6 7 3 3 8 1 4 5 2 3 5 1 5 8 5 4 1 2 0 1 0 3 7 4 5 7 2 4 7 2 3 2 7 3 1 6 2 7 5 6 2 8 3 5 6 6
